<?xml version="1.0" encoding="UTF-8"?>
<!-- Generated by org.testng.reporters.JUnitReportReporter -->
<testsuite hostname="DESKTOP-9RB9S5V" failures="0" tests="1" name="Framework_maven.Softassert" time="0.054" errors="0" timestamp="2023-04-03T12:04:10 IST" skipped="0">
  <testcase classname="Framework_maven.Softassert" name="modify" time="0.054"/>
  <system-out/>
</testsuite> <!-- Framework_maven.Softassert -->
