<?xml version="1.0" encoding="UTF-8"?>
<!-- Generated by org.testng.reporters.JUnitReportReporter -->
<testsuite hostname="DESKTOP-9RB9S5V" failures="0" tests="1" name="Framework_maven.Fileproperty" time="26.783" errors="0" timestamp="2023-03-24T12:03:16 IST" skipped="0">
  <testcase classname="Framework_maven.Fileproperty" name="fileproperty" time="26.783"/>
  <system-out/>
</testsuite> <!-- Framework_maven.Fileproperty -->
