<?xml version="1.0" encoding="UTF-8"?>
<!-- Generated by org.testng.reporters.JUnitReportReporter -->
<testsuite hostname="DESKTOP-9RB9S5V" failures="0" tests="4" name="Framework_maven.TestNGsample" time="0.032" errors="0" timestamp="2023-03-24T11:02:40 IST" skipped="0">
  <testcase classname="Framework_maven.TestNGsample" name="deleteContact" time="0.005"/>
  <system-out/>
  <testcase classname="Framework_maven.TestNGsample" name="deleteContact" time="0.015"/>
  <system-out/>
  <testcase classname="Framework_maven.TestNGsample" name="createContact" time="0.005"/>
  <system-out/>
  <testcase classname="Framework_maven.TestNGsample" name="modifyContact" time="0.007"/>
  <system-out/>
</testsuite> <!-- Framework_maven.TestNGsample -->
