<?xml version="1.0" encoding="UTF-8"?>
<!-- Generated by org.testng.reporters.JUnitReportReporter -->
<testsuite hostname="DESKTOP-9RB9S5V" failures="0" tests="1" name="Framework_maven.Sampke" time="0.024" errors="0" timestamp="2023-03-23T11:53:46 IST" skipped="0">
  <testcase classname="Framework_maven.Sampke" name="createContact" time="0.024"/>
  <system-out/>
</testsuite> <!-- Framework_maven.Sampke -->
